<?xml version="1.0" encoding="UTF-8"?>
<!-- Generated by org.testng.reporters.JUnitReportReporter -->
<testsuite skipped="0" hostname="hp" name="Testng.Beforeandaftermethod" tests="2" failures="0" timestamp="22 Sep 2017 06:55:07 GMT" time="0.047" errors="0">
  <testcase name="Test1" time="0.015" classname="Testng.Beforeandaftermethod"/>
  <testcase name="Test2" time="0.032" classname="Testng.Beforeandaftermethod"/>
</testsuite> <!-- Testng.Beforeandaftermethod -->
