<?xml version="1.0" encoding="UTF-8"?>
<!-- Generated by org.testng.reporters.JUnitReportReporter -->
<testsuite skipped="0" hostname="hp" name="Testng.Beforeandaftersuit" tests="2" failures="0" timestamp="26 Sep 2017 13:25:30 GMT" time="0.007" errors="0">
  <testcase name="Test2" time="0.002" classname="Testng.Beforeandaftersuit"/>
  <testcase name="Test1" time="0.005" classname="Testng.Beforeandaftersuit"/>
</testsuite> <!-- Testng.Beforeandaftersuit -->
