<?xml version="1.0" encoding="UTF-8"?>
<!-- Generated by org.testng.reporters.JUnitReportReporter -->
<testsuite skipped="0" hostname="hp" name="Testng.Seleniumtest" tests="5" failures="0" timestamp="05 Oct 2017 07:43:44 GMT" time="194.087" errors="0">
  <testcase name="openSeleniumDilip" time="40.406" classname="Testng.Seleniumtest"/>
  <testcase name="openSeleniumDilip" time="21.975" classname="Testng.Seleniumtest"/>
  <testcase name="openSeleniumDilip" time="22.242" classname="Testng.Seleniumtest"/>
  <testcase name="openSeleniumDilip" time="64.555" classname="Testng.Seleniumtest"/>
  <testcase name="openSeleniumDilip" time="44.909" classname="Testng.Seleniumtest"/>
</testsuite> <!-- Testng.Seleniumtest -->
