<?xml version="1.0" encoding="UTF-8"?>
<!-- Generated by org.testng.reporters.JUnitReportReporter -->
<testsuite skipped="0" hostname="hp" name="Testng.Dataprov" tests="2" failures="0" timestamp="26 Sep 2017 06:10:29 GMT" time="0.015" errors="0">
  <testcase name="employeedetails" time="0.000" classname="Testng.Dataprov"/>
  <testcase name="employeedetails" time="0.015" classname="Testng.Dataprov"/>
</testsuite> <!-- Testng.Dataprov -->
