<?xml version="1.0" encoding="UTF-8"?>
<!-- Generated by org.testng.reporters.JUnitReportReporter -->
<testsuite skipped="0" hostname="hp" name="Testng.Dilip" tests="2" failures="0" timestamp="22 Sep 2017 06:57:48 GMT" time="0.000" errors="0">
  <testcase name="Test1" time="0.000" classname="Testng.Dilip"/>
  <testcase name="Test2" time="0.000" classname="Testng.Dilip"/>
</testsuite> <!-- Testng.Dilip -->
